2021-03-15 08:51:31,759 INFO 首页-同意协议下的('id', 'com.tal.kaoyan:id/tip_commit')元素找到了
2021-03-15 08:51:31,791 INFO 首页-同意协议下的('id', 'com.tal.kaoyan:id/tip_commit')元素点击成功
2021-03-15 08:51:38,352 INFO 首页-点击广告X下的('id', 'com.tal.kaoyan:id/view_wemedia_cacel')元素找到了
2021-03-15 08:51:38,392 INFO 首页-点击广告X下的('id', 'com.tal.kaoyan:id/view_wemedia_cacel')元素点击成功
2021-03-15 08:51:39,206 INFO 首页-点击日程X下的('id', 'com.tal.kaoyan:id/kaoyan_home_schtip_close')元素找到了
2021-03-15 08:51:39,220 INFO 首页-点击日程X下的('id', 'com.tal.kaoyan:id/kaoyan_home_schtip_close')元素点击成功
2021-03-15 08:51:39,862 INFO 我的页面-点击我的下的('id', 'com.tal.kaoyan:id/mainactivity_button_mysefl')元素找到了
2021-03-15 08:51:39,881 INFO 我的页面-点击我的下的('id', 'com.tal.kaoyan:id/mainactivity_button_mysefl')元素点击成功
2021-03-15 08:51:40,557 INFO 我的页面-点击未登录下的('id', 'com.tal.kaoyan:id/activity_usercenter_username')元素找到了
2021-03-15 08:51:40,574 INFO 我的页面-点击未登录下的('id', 'com.tal.kaoyan:id/activity_usercenter_username')元素点击成功
2021-03-15 08:51:41,583 INFO 登录页-点击使用密码验证登录下的('id', 'com.tal.kaoyan:id/login_code_touname')元素找到了
2021-03-15 08:51:41,595 INFO 登录页-点击使用密码验证登录下的('id', 'com.tal.kaoyan:id/login_code_touname')元素点击成功
2021-03-15 08:51:42,247 INFO 登录页-输入账号下的('id', 'com.tal.kaoyan:id/login_email_edittext')元素找到了
2021-03-15 08:51:42,766 INFO 登录页-输入账号下的('id', 'com.tal.kaoyan:id/login_email_edittext')元素输入15239938038成功
2021-03-15 08:51:43,432 INFO 登录页-输入密码下的('id', 'com.tal.kaoyan:id/login_password_edittext')元素找到了
2021-03-15 08:51:43,962 INFO 登录页-输入密码下的('id', 'com.tal.kaoyan:id/login_password_edittext')元素输入bowen12345成功
2021-03-15 08:51:44,614 INFO 登录页-勾选同意协议下的('id', 'com.tal.kaoyan:id/login_treaty_checkbox_password')元素找到了
2021-03-15 08:51:44,628 INFO 登录页-勾选同意协议下的('id', 'com.tal.kaoyan:id/login_treaty_checkbox_password')元素点击成功
2021-03-15 08:51:45,156 INFO 登录页-点击登录下的('id', 'com.tal.kaoyan:id/login_login_btn')元素找到了
2021-03-15 08:51:45,175 INFO 登录页-点击登录下的('id', 'com.tal.kaoyan:id/login_login_btn')元素点击成功
2021-03-15 08:51:55,687 INFO 登录页-toast文本下的('xpath', "//*[contains(@text,'账号或密码错误')]")元素没找到，原因是Message: An element could not be located on the page using the given search parameters.

2021-03-15 08:51:55,687 INFO 获取登录页-toast文本下的('xpath', "//*[contains(@text,'账号或密码错误')]")元素文本失败
2021-03-15 08:52:48,057 INFO 首页-同意协议下的('id', 'com.tal.kaoyan:id/tip_commit')元素找到了
2021-03-15 08:52:48,123 INFO 首页-同意协议下的('id', 'com.tal.kaoyan:id/tip_commit')元素点击成功
2021-03-15 08:52:49,298 INFO 首页-点击广告X下的('id', 'com.tal.kaoyan:id/view_wemedia_cacel')元素找到了
2021-03-15 08:52:49,313 INFO 首页-点击广告X下的('id', 'com.tal.kaoyan:id/view_wemedia_cacel')元素点击成功
2021-03-15 08:52:50,075 INFO 首页-点击日程X下的('id', 'com.tal.kaoyan:id/kaoyan_home_schtip_close')元素找到了
2021-03-15 08:52:50,089 INFO 首页-点击日程X下的('id', 'com.tal.kaoyan:id/kaoyan_home_schtip_close')元素点击成功
2021-03-15 08:52:50,765 INFO 我的页面-点击我的下的('id', 'com.tal.kaoyan:id/mainactivity_button_mysefl')元素找到了
2021-03-15 08:52:50,780 INFO 我的页面-点击我的下的('id', 'com.tal.kaoyan:id/mainactivity_button_mysefl')元素点击成功
2021-03-15 08:52:51,426 INFO 我的页面-点击未登录下的('id', 'com.tal.kaoyan:id/activity_usercenter_username')元素找到了
2021-03-15 08:52:51,442 INFO 我的页面-点击未登录下的('id', 'com.tal.kaoyan:id/activity_usercenter_username')元素点击成功
2021-03-15 08:52:52,465 INFO 登录页-点击使用密码验证登录下的('id', 'com.tal.kaoyan:id/login_code_touname')元素找到了
2021-03-15 08:52:52,479 INFO 登录页-点击使用密码验证登录下的('id', 'com.tal.kaoyan:id/login_code_touname')元素点击成功
2021-03-15 08:52:53,125 INFO 登录页-输入账号下的('id', 'com.tal.kaoyan:id/login_email_edittext')元素找到了
2021-03-15 08:52:53,646 INFO 登录页-输入账号下的('id', 'com.tal.kaoyan:id/login_email_edittext')元素输入15239938038成功
2021-03-15 08:52:54,272 INFO 登录页-输入密码下的('id', 'com.tal.kaoyan:id/login_password_edittext')元素找到了
2021-03-15 08:52:54,792 INFO 登录页-输入密码下的('id', 'com.tal.kaoyan:id/login_password_edittext')元素输入bowen12345成功
2021-03-15 08:52:55,415 INFO 登录页-勾选同意协议下的('id', 'com.tal.kaoyan:id/login_treaty_checkbox_password')元素找到了
2021-03-15 08:52:55,432 INFO 登录页-勾选同意协议下的('id', 'com.tal.kaoyan:id/login_treaty_checkbox_password')元素点击成功
2021-03-15 08:52:55,955 INFO 登录页-点击登录下的('id', 'com.tal.kaoyan:id/login_login_btn')元素找到了
2021-03-15 08:52:56,049 INFO 登录页-点击登录下的('id', 'com.tal.kaoyan:id/login_login_btn')元素点击成功
2021-03-15 08:52:57,406 INFO 登录页-toast文本下的('xpath', "//*[contains(@text,'账号或密码错误')]")元素没找到，原因是Message: An unknown server-side error occurred while processing the command. Original error: Could not proxy command to the remote server. Original error: socket hang up

2021-03-15 08:52:57,407 INFO 获取登录页-toast文本下的('xpath', "//*[contains(@text,'账号或密码错误')]")元素文本失败
2021-03-15 08:54:49,940 INFO 首页-同意协议下的('id', 'com.tal.kaoyan:id/tip_commit')元素找到了
2021-03-15 08:54:49,995 INFO 首页-同意协议下的('id', 'com.tal.kaoyan:id/tip_commit')元素点击成功
2021-03-15 08:54:51,008 INFO 首页-点击广告X下的('id', 'com.tal.kaoyan:id/view_wemedia_cacel')元素找到了
2021-03-15 08:54:51,024 INFO 首页-点击广告X下的('id', 'com.tal.kaoyan:id/view_wemedia_cacel')元素点击成功
2021-03-15 08:54:51,791 INFO 首页-点击日程X下的('id', 'com.tal.kaoyan:id/kaoyan_home_schtip_close')元素找到了
2021-03-15 08:54:51,808 INFO 首页-点击日程X下的('id', 'com.tal.kaoyan:id/kaoyan_home_schtip_close')元素点击成功
2021-03-15 08:54:52,592 INFO 我的页面-点击我的下的('id', 'com.tal.kaoyan:id/mainactivity_button_mysefl')元素找到了
2021-03-15 08:54:52,622 INFO 我的页面-点击我的下的('id', 'com.tal.kaoyan:id/mainactivity_button_mysefl')元素点击成功
2021-03-15 08:54:53,294 INFO 我的页面-点击未登录下的('id', 'com.tal.kaoyan:id/activity_usercenter_username')元素找到了
2021-03-15 08:54:53,313 INFO 我的页面-点击未登录下的('id', 'com.tal.kaoyan:id/activity_usercenter_username')元素点击成功
2021-03-15 08:54:54,418 INFO 登录页-点击使用密码验证登录下的('id', 'com.tal.kaoyan:id/login_code_touname')元素找到了
2021-03-15 08:54:54,433 INFO 登录页-点击使用密码验证登录下的('id', 'com.tal.kaoyan:id/login_code_touname')元素点击成功
2021-03-15 08:54:55,100 INFO 登录页-输入账号下的('id', 'com.tal.kaoyan:id/login_email_edittext')元素找到了
2021-03-15 08:54:55,623 INFO 登录页-输入账号下的('id', 'com.tal.kaoyan:id/login_email_edittext')元素输入15239938038成功
2021-03-15 08:54:56,249 INFO 登录页-输入密码下的('id', 'com.tal.kaoyan:id/login_password_edittext')元素找到了
2021-03-15 08:54:56,778 INFO 登录页-输入密码下的('id', 'com.tal.kaoyan:id/login_password_edittext')元素输入bowen12345成功
2021-03-15 08:54:57,431 INFO 登录页-勾选同意协议下的('id', 'com.tal.kaoyan:id/login_treaty_checkbox_password')元素找到了
2021-03-15 08:54:57,445 INFO 登录页-勾选同意协议下的('id', 'com.tal.kaoyan:id/login_treaty_checkbox_password')元素点击成功
2021-03-15 08:54:57,972 INFO 登录页-点击登录下的('id', 'com.tal.kaoyan:id/login_login_btn')元素找到了
2021-03-15 08:54:57,988 INFO 登录页-点击登录下的('id', 'com.tal.kaoyan:id/login_login_btn')元素点击成功
2021-03-15 08:57:02,792 INFO 首页-同意协议下的('id', 'com.tal.kaoyan:id/tip_commit')元素找到了
2021-03-15 08:57:02,826 INFO 首页-同意协议下的('id', 'com.tal.kaoyan:id/tip_commit')元素点击成功
2021-03-15 08:57:03,805 INFO 首页-点击广告X下的('id', 'com.tal.kaoyan:id/view_wemedia_cacel')元素找到了
2021-03-15 08:57:03,819 INFO 首页-点击广告X下的('id', 'com.tal.kaoyan:id/view_wemedia_cacel')元素点击成功
2021-03-15 08:57:04,566 INFO 首页-点击日程X下的('id', 'com.tal.kaoyan:id/kaoyan_home_schtip_close')元素找到了
2021-03-15 08:57:04,579 INFO 首页-点击日程X下的('id', 'com.tal.kaoyan:id/kaoyan_home_schtip_close')元素点击成功
2021-03-15 08:57:05,256 INFO 我的页面-点击我的下的('id', 'com.tal.kaoyan:id/mainactivity_button_mysefl')元素找到了
2021-03-15 08:57:05,272 INFO 我的页面-点击我的下的('id', 'com.tal.kaoyan:id/mainactivity_button_mysefl')元素点击成功
2021-03-15 08:57:05,961 INFO 我的页面-点击未登录下的('id', 'com.tal.kaoyan:id/activity_usercenter_username')元素找到了
2021-03-15 08:57:05,987 INFO 我的页面-点击未登录下的('id', 'com.tal.kaoyan:id/activity_usercenter_username')元素点击成功
2021-03-15 08:57:07,008 INFO 登录页-点击使用密码验证登录下的('id', 'com.tal.kaoyan:id/login_code_touname')元素找到了
2021-03-15 08:57:07,023 INFO 登录页-点击使用密码验证登录下的('id', 'com.tal.kaoyan:id/login_code_touname')元素点击成功
2021-03-15 08:57:07,664 INFO 登录页-输入账号下的('id', 'com.tal.kaoyan:id/login_email_edittext')元素找到了
2021-03-15 08:57:08,200 INFO 登录页-输入账号下的('id', 'com.tal.kaoyan:id/login_email_edittext')元素输入15239938038成功
2021-03-15 08:57:08,824 INFO 登录页-输入密码下的('id', 'com.tal.kaoyan:id/login_password_edittext')元素找到了
2021-03-15 08:57:09,345 INFO 登录页-输入密码下的('id', 'com.tal.kaoyan:id/login_password_edittext')元素输入bowen12345成功
2021-03-15 08:57:09,975 INFO 登录页-勾选同意协议下的('id', 'com.tal.kaoyan:id/login_treaty_checkbox_password')元素找到了
2021-03-15 08:57:09,986 INFO 登录页-勾选同意协议下的('id', 'com.tal.kaoyan:id/login_treaty_checkbox_password')元素点击成功
2021-03-15 08:57:10,526 INFO 登录页-点击登录下的('id', 'com.tal.kaoyan:id/login_login_btn')元素找到了
2021-03-15 08:57:10,539 INFO 登录页-点击登录下的('id', 'com.tal.kaoyan:id/login_login_btn')元素点击成功
2021-03-15 08:57:21,167 INFO 登录页-toast文本下的('xpath', "//*[contains(@text,'账号或密码错误')]")元素没找到，原因是Message: An element could not be located on the page using the given search parameters.

2021-03-15 08:57:21,167 INFO 获取登录页-toast文本下的('xpath', "//*[contains(@text,'账号或密码错误')]")元素文本失败
2021-03-15 09:00:49,445 INFO 首页-同意协议下的('id', 'com.tal.kaoyan:id/tip_commit')元素找到了
2021-03-15 09:00:49,481 INFO 首页-同意协议下的('id', 'com.tal.kaoyan:id/tip_commit')元素点击成功
2021-03-15 09:00:50,496 INFO 首页-点击广告X下的('id', 'com.tal.kaoyan:id/view_wemedia_cacel')元素找到了
2021-03-15 09:00:50,512 INFO 首页-点击广告X下的('id', 'com.tal.kaoyan:id/view_wemedia_cacel')元素点击成功
2021-03-15 09:00:51,265 INFO 首页-点击日程X下的('id', 'com.tal.kaoyan:id/kaoyan_home_schtip_close')元素找到了
2021-03-15 09:00:51,279 INFO 首页-点击日程X下的('id', 'com.tal.kaoyan:id/kaoyan_home_schtip_close')元素点击成功
2021-03-15 09:00:51,929 INFO 我的页面-点击我的下的('id', 'com.tal.kaoyan:id/mainactivity_button_mysefl')元素找到了
2021-03-15 09:00:51,944 INFO 我的页面-点击我的下的('id', 'com.tal.kaoyan:id/mainactivity_button_mysefl')元素点击成功
2021-03-15 09:00:52,618 INFO 我的页面-点击未登录下的('id', 'com.tal.kaoyan:id/activity_usercenter_username')元素找到了
2021-03-15 09:00:52,634 INFO 我的页面-点击未登录下的('id', 'com.tal.kaoyan:id/activity_usercenter_username')元素点击成功
2021-03-15 09:00:53,709 INFO 登录页-点击使用密码验证登录下的('id', 'com.tal.kaoyan:id/login_code_touname')元素找到了
2021-03-15 09:00:53,722 INFO 登录页-点击使用密码验证登录下的('id', 'com.tal.kaoyan:id/login_code_touname')元素点击成功
2021-03-15 09:00:54,363 INFO 登录页-输入账号下的('id', 'com.tal.kaoyan:id/login_email_edittext')元素找到了
2021-03-15 09:00:54,883 INFO 登录页-输入账号下的('id', 'com.tal.kaoyan:id/login_email_edittext')元素输入15239938038成功
2021-03-15 09:00:55,521 INFO 登录页-输入密码下的('id', 'com.tal.kaoyan:id/login_password_edittext')元素找到了
2021-03-15 09:00:56,067 INFO 登录页-输入密码下的('id', 'com.tal.kaoyan:id/login_password_edittext')元素输入bowen12345成功
2021-03-15 09:00:56,683 INFO 登录页-勾选同意协议下的('id', 'com.tal.kaoyan:id/login_treaty_checkbox_password')元素找到了
2021-03-15 09:00:56,696 INFO 登录页-勾选同意协议下的('id', 'com.tal.kaoyan:id/login_treaty_checkbox_password')元素点击成功
2021-03-15 09:00:57,215 INFO 登录页-点击登录下的('id', 'com.tal.kaoyan:id/login_login_btn')元素找到了
2021-03-15 09:00:57,241 INFO 登录页-点击登录下的('id', 'com.tal.kaoyan:id/login_login_btn')元素点击成功
2021-03-15 09:01:08,486 INFO 登录页-toast文本下的('xpath', "//*[contains(@text,'账号')]")元素没找到，原因是Message: An element could not be located on the page using the given search parameters.

2021-03-15 09:01:08,486 INFO 获取登录页-toast文本下的('xpath', "//*[contains(@text,'账号')]")元素文本失败
