2021-03-13 14:31:52,887 basePage.py[line:34] INFO 首页-同意协议下的('id', 'com.tal.kaoyan:id/tip_commit')元素找到了
2021-03-13 14:31:52,940 basePage.py[line:68] INFO 首页-同意协议下的('id', 'com.tal.kaoyan:id/tip_commit')元素点击成功
2021-03-13 14:31:54,278 basePage.py[line:34] INFO 首页-点击广告X下的('id', 'com.tal.kaoyan:id/view_wemedia_cacel')元素找到了
2021-03-13 14:31:54,296 basePage.py[line:68] INFO 首页-点击广告X下的('id', 'com.tal.kaoyan:id/view_wemedia_cacel')元素点击成功
2021-03-13 14:31:55,058 basePage.py[line:34] INFO 首页-点击日程X下的('id', 'com.tal.kaoyan:id/kaoyan_home_schtip_close')元素找到了
2021-03-13 14:31:55,074 basePage.py[line:68] INFO 首页-点击日程X下的('id', 'com.tal.kaoyan:id/kaoyan_home_schtip_close')元素点击成功
2021-03-13 14:31:55,745 basePage.py[line:34] INFO 我的页面-点击我的下的('id', 'com.tal.kaoyan:id/mainactivity_button_mysefl')元素找到了
2021-03-13 14:31:55,760 basePage.py[line:68] INFO 我的页面-点击我的下的('id', 'com.tal.kaoyan:id/mainactivity_button_mysefl')元素点击成功
2021-03-13 14:31:56,436 basePage.py[line:34] INFO 我的页面-点击未登录下的('id', 'com.tal.kaoyan:id/activity_usercenter_username')元素找到了
2021-03-13 14:31:56,458 basePage.py[line:68] INFO 我的页面-点击未登录下的('id', 'com.tal.kaoyan:id/activity_usercenter_username')元素点击成功
2021-03-13 14:31:57,408 basePage.py[line:34] INFO 登录页-点击使用密码验证登录下的('id', 'com.tal.kaoyan:id/login_code_touname')元素找到了
2021-03-13 14:31:57,420 basePage.py[line:68] INFO 登录页-点击使用密码验证登录下的('id', 'com.tal.kaoyan:id/login_code_touname')元素点击成功
2021-03-13 14:31:58,052 basePage.py[line:34] INFO 登录页-输入账号下的('id', 'com.tal.kaoyan:id/login_email_edittext')元素找到了
2021-03-13 14:31:58,569 basePage.py[line:87] INFO 登录页-输入账号下的('id', 'com.tal.kaoyan:id/login_email_edittext')元素输入15239938038成功
2021-03-13 14:31:59,204 basePage.py[line:34] INFO 登录页-输入密码下的('id', 'com.tal.kaoyan:id/login_password_edittext')元素找到了
2021-03-13 14:31:59,739 basePage.py[line:87] INFO 登录页-输入密码下的('id', 'com.tal.kaoyan:id/login_password_edittext')元素输入bowen123456成功
2021-03-13 14:32:00,379 basePage.py[line:34] INFO 登录页-勾选同意协议下的('id', 'com.tal.kaoyan:id/login_treaty_checkbox_password')元素找到了
2021-03-13 14:32:00,394 basePage.py[line:68] INFO 登录页-勾选同意协议下的('id', 'com.tal.kaoyan:id/login_treaty_checkbox_password')元素点击成功
2021-03-13 14:32:00,933 basePage.py[line:34] INFO 登录页-点击登录下的('id', 'com.tal.kaoyan:id/login_login_btn')元素找到了
2021-03-13 14:32:00,948 basePage.py[line:68] INFO 登录页-点击登录下的('id', 'com.tal.kaoyan:id/login_login_btn')元素点击成功
2021-03-13 14:32:03,850 basePage.py[line:34] INFO 我的页面-验证登录名下的('id', 'com.tal.kaoyan:id/activity_usercenter_username')元素找到了
2021-03-13 14:32:03,862 basePage.py[line:105] INFO 获取我的页面-验证登录名下的('id', 'com.tal.kaoyan:id/activity_usercenter_username')元素文本博文智生点成功
2021-03-13 14:32:22,398 basePage.py[line:34] INFO 首页-同意协议下的('id', 'com.tal.kaoyan:id/tip_commit')元素找到了
2021-03-13 14:32:22,434 basePage.py[line:68] INFO 首页-同意协议下的('id', 'com.tal.kaoyan:id/tip_commit')元素点击成功
2021-03-13 14:32:23,371 basePage.py[line:34] INFO 首页-点击广告X下的('id', 'com.tal.kaoyan:id/view_wemedia_cacel')元素找到了
2021-03-13 14:32:23,394 basePage.py[line:68] INFO 首页-点击广告X下的('id', 'com.tal.kaoyan:id/view_wemedia_cacel')元素点击成功
2021-03-13 14:32:24,154 basePage.py[line:34] INFO 首页-点击日程X下的('id', 'com.tal.kaoyan:id/kaoyan_home_schtip_close')元素找到了
2021-03-13 14:32:24,171 basePage.py[line:68] INFO 首页-点击日程X下的('id', 'com.tal.kaoyan:id/kaoyan_home_schtip_close')元素点击成功
2021-03-13 14:32:24,833 basePage.py[line:34] INFO 我的页面-点击我的下的('id', 'com.tal.kaoyan:id/mainactivity_button_mysefl')元素找到了
2021-03-13 14:32:24,850 basePage.py[line:68] INFO 我的页面-点击我的下的('id', 'com.tal.kaoyan:id/mainactivity_button_mysefl')元素点击成功
2021-03-13 14:32:25,540 basePage.py[line:34] INFO 我的页面-点击未登录下的('id', 'com.tal.kaoyan:id/activity_usercenter_username')元素找到了
2021-03-13 14:32:25,564 basePage.py[line:68] INFO 我的页面-点击未登录下的('id', 'com.tal.kaoyan:id/activity_usercenter_username')元素点击成功
2021-03-13 14:32:26,607 basePage.py[line:34] INFO 登录页-点击使用密码验证登录下的('id', 'com.tal.kaoyan:id/login_code_touname')元素找到了
2021-03-13 14:32:26,622 basePage.py[line:68] INFO 登录页-点击使用密码验证登录下的('id', 'com.tal.kaoyan:id/login_code_touname')元素点击成功
2021-03-13 14:32:27,258 basePage.py[line:34] INFO 登录页-输入账号下的('id', 'com.tal.kaoyan:id/login_email_edittext')元素找到了
2021-03-13 14:32:27,778 basePage.py[line:87] INFO 登录页-输入账号下的('id', 'com.tal.kaoyan:id/login_email_edittext')元素输入15239938038成功
2021-03-13 14:32:28,416 basePage.py[line:34] INFO 登录页-输入密码下的('id', 'com.tal.kaoyan:id/login_password_edittext')元素找到了
2021-03-13 14:32:28,934 basePage.py[line:87] INFO 登录页-输入密码下的('id', 'com.tal.kaoyan:id/login_password_edittext')元素输入bowen12345成功
2021-03-13 14:32:29,571 basePage.py[line:34] INFO 登录页-勾选同意协议下的('id', 'com.tal.kaoyan:id/login_treaty_checkbox_password')元素找到了
2021-03-13 14:32:29,582 basePage.py[line:68] INFO 登录页-勾选同意协议下的('id', 'com.tal.kaoyan:id/login_treaty_checkbox_password')元素点击成功
2021-03-13 14:32:30,110 basePage.py[line:34] INFO 登录页-点击登录下的('id', 'com.tal.kaoyan:id/login_login_btn')元素找到了
2021-03-13 14:32:30,128 basePage.py[line:68] INFO 登录页-点击登录下的('id', 'com.tal.kaoyan:id/login_login_btn')元素点击成功
2021-03-13 14:36:05,806 INFO 首页-同意协议下的('id', 'com.tal.kaoyan:id/tip_commit')元素找到了
2021-03-13 14:36:05,868 INFO 首页-同意协议下的('id', 'com.tal.kaoyan:id/tip_commit')元素点击成功
2021-03-13 14:36:06,739 INFO 首页-点击广告X下的('id', 'com.tal.kaoyan:id/view_wemedia_cacel')元素找到了
2021-03-13 14:36:06,785 INFO 首页-点击广告X下的('id', 'com.tal.kaoyan:id/view_wemedia_cacel')元素点击成功
2021-03-13 14:36:07,601 INFO 首页-点击日程X下的('id', 'com.tal.kaoyan:id/kaoyan_home_schtip_close')元素找到了
2021-03-13 14:36:07,619 INFO 首页-点击日程X下的('id', 'com.tal.kaoyan:id/kaoyan_home_schtip_close')元素点击成功
2021-03-13 14:36:08,927 INFO 我的页面-点击我的下的('id', 'com.tal.kaoyan:id/mainactivity_button_mysefl')元素找到了
2021-03-13 14:36:08,943 INFO 我的页面-点击我的下的('id', 'com.tal.kaoyan:id/mainactivity_button_mysefl')元素点击成功
2021-03-13 14:36:09,639 INFO 我的页面-点击未登录下的('id', 'com.tal.kaoyan:id/activity_usercenter_username')元素找到了
2021-03-13 14:36:09,655 INFO 我的页面-点击未登录下的('id', 'com.tal.kaoyan:id/activity_usercenter_username')元素点击成功
2021-03-13 14:36:10,678 INFO 登录页-点击使用密码验证登录下的('id', 'com.tal.kaoyan:id/login_code_touname')元素找到了
2021-03-13 14:36:10,691 INFO 登录页-点击使用密码验证登录下的('id', 'com.tal.kaoyan:id/login_code_touname')元素点击成功
2021-03-13 14:36:11,345 INFO 登录页-输入账号下的('id', 'com.tal.kaoyan:id/login_email_edittext')元素找到了
2021-03-13 14:36:11,864 INFO 登录页-输入账号下的('id', 'com.tal.kaoyan:id/login_email_edittext')元素输入15239938038成功
2021-03-13 14:36:12,520 INFO 登录页-输入密码下的('id', 'com.tal.kaoyan:id/login_password_edittext')元素找到了
2021-03-13 14:36:13,038 INFO 登录页-输入密码下的('id', 'com.tal.kaoyan:id/login_password_edittext')元素输入bowen123456成功
2021-03-13 14:36:13,657 INFO 登录页-勾选同意协议下的('id', 'com.tal.kaoyan:id/login_treaty_checkbox_password')元素找到了
2021-03-13 14:36:13,674 INFO 登录页-勾选同意协议下的('id', 'com.tal.kaoyan:id/login_treaty_checkbox_password')元素点击成功
2021-03-13 14:36:14,212 INFO 登录页-点击登录下的('id', 'com.tal.kaoyan:id/login_login_btn')元素找到了
2021-03-13 14:36:14,232 INFO 登录页-点击登录下的('id', 'com.tal.kaoyan:id/login_login_btn')元素点击成功
2021-03-13 14:36:46,625 INFO 我的页面-验证登录名下的('id', 'com.tal.kaoyan:id/activity_usercenter_username')元素等待失败
2021-03-13 14:36:46,826 INFO 获取我的页面-验证登录名下的('id', 'com.tal.kaoyan:id/activity_usercenter_username')元素文本失败
2021-03-13 14:37:04,415 INFO 首页-同意协议下的('id', 'com.tal.kaoyan:id/tip_commit')元素找到了
2021-03-13 14:37:04,480 INFO 首页-同意协议下的('id', 'com.tal.kaoyan:id/tip_commit')元素点击成功
2021-03-13 14:37:05,274 INFO 首页-点击广告X下的('id', 'com.tal.kaoyan:id/view_wemedia_cacel')元素找到了
2021-03-13 14:37:05,298 INFO 首页-点击广告X下的('id', 'com.tal.kaoyan:id/view_wemedia_cacel')元素点击成功
2021-03-13 14:37:06,071 INFO 首页-点击日程X下的('id', 'com.tal.kaoyan:id/kaoyan_home_schtip_close')元素找到了
2021-03-13 14:37:06,084 INFO 首页-点击日程X下的('id', 'com.tal.kaoyan:id/kaoyan_home_schtip_close')元素点击成功
2021-03-13 14:37:06,929 INFO 我的页面-点击我的下的('id', 'com.tal.kaoyan:id/mainactivity_button_mysefl')元素找到了
2021-03-13 14:37:06,964 INFO 我的页面-点击我的下的('id', 'com.tal.kaoyan:id/mainactivity_button_mysefl')元素点击成功
2021-03-13 14:37:07,628 INFO 我的页面-点击未登录下的('id', 'com.tal.kaoyan:id/activity_usercenter_username')元素找到了
2021-03-13 14:37:07,646 INFO 我的页面-点击未登录下的('id', 'com.tal.kaoyan:id/activity_usercenter_username')元素点击成功
2021-03-13 14:37:08,714 INFO 登录页-点击使用密码验证登录下的('id', 'com.tal.kaoyan:id/login_code_touname')元素找到了
2021-03-13 14:37:08,730 INFO 登录页-点击使用密码验证登录下的('id', 'com.tal.kaoyan:id/login_code_touname')元素点击成功
2021-03-13 14:37:09,364 INFO 登录页-输入账号下的('id', 'com.tal.kaoyan:id/login_email_edittext')元素找到了
2021-03-13 14:37:09,887 INFO 登录页-输入账号下的('id', 'com.tal.kaoyan:id/login_email_edittext')元素输入15239938038成功
2021-03-13 14:37:10,521 INFO 登录页-输入密码下的('id', 'com.tal.kaoyan:id/login_password_edittext')元素找到了
2021-03-13 14:37:11,045 INFO 登录页-输入密码下的('id', 'com.tal.kaoyan:id/login_password_edittext')元素输入bowen12345成功
2021-03-13 14:37:11,674 INFO 登录页-勾选同意协议下的('id', 'com.tal.kaoyan:id/login_treaty_checkbox_password')元素找到了
2021-03-13 14:37:11,686 INFO 登录页-勾选同意协议下的('id', 'com.tal.kaoyan:id/login_treaty_checkbox_password')元素点击成功
2021-03-13 14:37:12,226 INFO 登录页-点击登录下的('id', 'com.tal.kaoyan:id/login_login_btn')元素找到了
2021-03-13 14:37:12,258 INFO 登录页-点击登录下的('id', 'com.tal.kaoyan:id/login_login_btn')元素点击成功
2021-03-13 14:50:03,178 INFO 首页-同意协议下的('id', 'com.tal.kaoyan:id/tip_commit')元素找到了
2021-03-13 14:50:03,208 INFO 首页-同意协议下的('id', 'com.tal.kaoyan:id/tip_commit')元素点击成功
2021-03-13 14:50:06,054 INFO 首页-点击广告X下的('id', 'com.tal.kaoyan:id/view_wemedia_cacel')元素找到了
2021-03-13 14:50:06,092 INFO 首页-点击广告X下的('id', 'com.tal.kaoyan:id/view_wemedia_cacel')元素点击成功
2021-03-13 14:50:06,900 INFO 首页-点击日程X下的('id', 'com.tal.kaoyan:id/kaoyan_home_schtip_close')元素找到了
2021-03-13 14:50:06,914 INFO 首页-点击日程X下的('id', 'com.tal.kaoyan:id/kaoyan_home_schtip_close')元素点击成功
2021-03-13 14:50:07,626 INFO 我的页面-点击我的下的('id', 'com.tal.kaoyan:id/mainactivity_button_mysefl')元素找到了
2021-03-13 14:50:08,130 INFO 我的页面-点击我的下的('id', 'com.tal.kaoyan:id/mainactivity_button_mysefl')元素点击成功
2021-03-13 14:50:08,792 INFO 我的页面-点击未登录下的('id', 'com.tal.kaoyan:id/activity_usercenter_username')元素找到了
2021-03-13 14:50:08,811 INFO 我的页面-点击未登录下的('id', 'com.tal.kaoyan:id/activity_usercenter_username')元素点击成功
2021-03-13 14:50:09,795 INFO 登录页-点击使用密码验证登录下的('id', 'com.tal.kaoyan:id/login_code_touname')元素找到了
2021-03-13 14:50:09,807 INFO 登录页-点击使用密码验证登录下的('id', 'com.tal.kaoyan:id/login_code_touname')元素点击成功
2021-03-13 14:50:10,442 INFO 登录页-输入账号下的('id', 'com.tal.kaoyan:id/login_email_edittext')元素找到了
2021-03-13 14:50:10,964 INFO 登录页-输入账号下的('id', 'com.tal.kaoyan:id/login_email_edittext')元素输入15239938038成功
2021-03-13 14:50:11,608 INFO 登录页-输入密码下的('id', 'com.tal.kaoyan:id/login_password_edittext')元素找到了
2021-03-13 14:50:12,128 INFO 登录页-输入密码下的('id', 'com.tal.kaoyan:id/login_password_edittext')元素输入bowen123456成功
2021-03-13 14:50:12,758 INFO 登录页-勾选同意协议下的('id', 'com.tal.kaoyan:id/login_treaty_checkbox_password')元素找到了
2021-03-13 14:50:12,777 INFO 登录页-勾选同意协议下的('id', 'com.tal.kaoyan:id/login_treaty_checkbox_password')元素点击成功
2021-03-13 14:50:13,300 INFO 登录页-点击登录下的('id', 'com.tal.kaoyan:id/login_login_btn')元素找到了
2021-03-13 14:50:13,324 INFO 登录页-点击登录下的('id', 'com.tal.kaoyan:id/login_login_btn')元素点击成功
2021-03-13 14:50:17,153 INFO 我的页面-验证登录名下的('id', 'com.tal.kaoyan:id/activity_usercenter_username')元素找到了
2021-03-13 14:50:17,163 INFO 获取我的页面-验证登录名下的('id', 'com.tal.kaoyan:id/activity_usercenter_username')元素文本博文智生点成功
2021-03-13 14:50:35,291 INFO 首页-同意协议下的('id', 'com.tal.kaoyan:id/tip_commit')元素找到了
2021-03-13 14:50:35,332 INFO 首页-同意协议下的('id', 'com.tal.kaoyan:id/tip_commit')元素点击成功
2021-03-13 14:50:36,230 INFO 首页-点击广告X下的('id', 'com.tal.kaoyan:id/view_wemedia_cacel')元素找到了
2021-03-13 14:50:36,248 INFO 首页-点击广告X下的('id', 'com.tal.kaoyan:id/view_wemedia_cacel')元素点击成功
2021-03-13 14:50:37,028 INFO 首页-点击日程X下的('id', 'com.tal.kaoyan:id/kaoyan_home_schtip_close')元素找到了
2021-03-13 14:50:37,053 INFO 首页-点击日程X下的('id', 'com.tal.kaoyan:id/kaoyan_home_schtip_close')元素点击成功
2021-03-13 14:50:37,783 INFO 我的页面-点击我的下的('id', 'com.tal.kaoyan:id/mainactivity_button_mysefl')元素找到了
2021-03-13 14:50:37,806 INFO 我的页面-点击我的下的('id', 'com.tal.kaoyan:id/mainactivity_button_mysefl')元素点击成功
2021-03-13 14:50:38,514 INFO 我的页面-点击未登录下的('id', 'com.tal.kaoyan:id/activity_usercenter_username')元素找到了
2021-03-13 14:50:38,537 INFO 我的页面-点击未登录下的('id', 'com.tal.kaoyan:id/activity_usercenter_username')元素点击成功
2021-03-13 14:50:39,560 INFO 登录页-点击使用密码验证登录下的('id', 'com.tal.kaoyan:id/login_code_touname')元素找到了
2021-03-13 14:50:39,574 INFO 登录页-点击使用密码验证登录下的('id', 'com.tal.kaoyan:id/login_code_touname')元素点击成功
2021-03-13 14:50:40,222 INFO 登录页-输入账号下的('id', 'com.tal.kaoyan:id/login_email_edittext')元素找到了
2021-03-13 14:50:40,744 INFO 登录页-输入账号下的('id', 'com.tal.kaoyan:id/login_email_edittext')元素输入15239938038成功
2021-03-13 14:50:41,375 INFO 登录页-输入密码下的('id', 'com.tal.kaoyan:id/login_password_edittext')元素找到了
2021-03-13 14:50:41,897 INFO 登录页-输入密码下的('id', 'com.tal.kaoyan:id/login_password_edittext')元素输入bowen12345成功
2021-03-13 14:50:42,537 INFO 登录页-勾选同意协议下的('id', 'com.tal.kaoyan:id/login_treaty_checkbox_password')元素找到了
2021-03-13 14:50:42,555 INFO 登录页-勾选同意协议下的('id', 'com.tal.kaoyan:id/login_treaty_checkbox_password')元素点击成功
2021-03-13 14:50:43,107 INFO 登录页-点击登录下的('id', 'com.tal.kaoyan:id/login_login_btn')元素找到了
2021-03-13 14:50:43,124 INFO 登录页-点击登录下的('id', 'com.tal.kaoyan:id/login_login_btn')元素点击成功
2021-03-13 15:06:29,242 INFO 首页-同意协议下的('id', 'com.tal.kaoyan:id/tip_commit')元素找到了
2021-03-13 15:06:29,300 INFO 首页-同意协议下的('id', 'com.tal.kaoyan:id/tip_commit')元素点击成功
2021-03-13 15:06:30,283 INFO 首页-点击广告X下的('id', 'com.tal.kaoyan:id/view_wemedia_cacel')元素找到了
2021-03-13 15:06:30,299 INFO 首页-点击广告X下的('id', 'com.tal.kaoyan:id/view_wemedia_cacel')元素点击成功
2021-03-13 15:06:31,046 INFO 首页-点击日程X下的('id', 'com.tal.kaoyan:id/kaoyan_home_schtip_close')元素找到了
2021-03-13 15:06:31,062 INFO 首页-点击日程X下的('id', 'com.tal.kaoyan:id/kaoyan_home_schtip_close')元素点击成功
2021-03-13 15:06:31,818 INFO 我的页面-点击我的下的('id', 'com.tal.kaoyan:id/mainactivity_button_mysefl')元素找到了
2021-03-13 15:06:31,834 INFO 我的页面-点击我的下的('id', 'com.tal.kaoyan:id/mainactivity_button_mysefl')元素点击成功
2021-03-13 15:06:32,499 INFO 我的页面-点击未登录下的('id', 'com.tal.kaoyan:id/activity_usercenter_username')元素找到了
2021-03-13 15:06:32,516 INFO 我的页面-点击未登录下的('id', 'com.tal.kaoyan:id/activity_usercenter_username')元素点击成功
2021-03-13 15:06:33,545 INFO 登录页-点击使用密码验证登录下的('id', 'com.tal.kaoyan:id/login_code_touname')元素找到了
2021-03-13 15:06:33,561 INFO 登录页-点击使用密码验证登录下的('id', 'com.tal.kaoyan:id/login_code_touname')元素点击成功
2021-03-13 15:06:34,193 INFO 登录页-输入账号下的('id', 'com.tal.kaoyan:id/login_email_edittext')元素找到了
2021-03-13 15:06:35,263 INFO 登录页-输入账号下的('id', 'com.tal.kaoyan:id/login_email_edittext')元素输入15239938038成功
2021-03-13 15:06:35,922 INFO 登录页-输入密码下的('id', 'com.tal.kaoyan:id/login_password_edittext')元素找到了
2021-03-13 15:06:36,439 INFO 登录页-输入密码下的('id', 'com.tal.kaoyan:id/login_password_edittext')元素输入bowen123456成功
2021-03-13 15:06:37,059 INFO 登录页-勾选同意协议下的('id', 'com.tal.kaoyan:id/login_treaty_checkbox_password')元素找到了
2021-03-13 15:06:37,072 INFO 登录页-勾选同意协议下的('id', 'com.tal.kaoyan:id/login_treaty_checkbox_password')元素点击成功
2021-03-13 15:06:37,605 INFO 登录页-点击登录下的('id', 'com.tal.kaoyan:id/login_login_btn')元素找到了
2021-03-13 15:06:37,623 INFO 登录页-点击登录下的('id', 'com.tal.kaoyan:id/login_login_btn')元素点击成功
2021-03-13 15:06:40,639 INFO 我的页面-验证登录名下的('id', 'com.tal.kaoyan:id/activity_usercenter_username')元素找到了
2021-03-13 15:06:40,649 INFO 获取我的页面-验证登录名下的('id', 'com.tal.kaoyan:id/activity_usercenter_username')元素文本博文智生点成功
2021-03-13 15:06:58,397 INFO 首页-同意协议下的('id', 'com.tal.kaoyan:id/tip_commit')元素找到了
2021-03-13 15:06:58,439 INFO 首页-同意协议下的('id', 'com.tal.kaoyan:id/tip_commit')元素点击成功
2021-03-13 15:06:59,588 INFO 首页-点击广告X下的('id', 'com.tal.kaoyan:id/view_wemedia_cacel')元素找到了
2021-03-13 15:06:59,607 INFO 首页-点击广告X下的('id', 'com.tal.kaoyan:id/view_wemedia_cacel')元素点击成功
2021-03-13 15:07:00,437 INFO 首页-点击日程X下的('id', 'com.tal.kaoyan:id/kaoyan_home_schtip_close')元素找到了
2021-03-13 15:07:00,451 INFO 首页-点击日程X下的('id', 'com.tal.kaoyan:id/kaoyan_home_schtip_close')元素点击成功
2021-03-13 15:07:01,125 INFO 我的页面-点击我的下的('id', 'com.tal.kaoyan:id/mainactivity_button_mysefl')元素找到了
2021-03-13 15:07:01,142 INFO 我的页面-点击我的下的('id', 'com.tal.kaoyan:id/mainactivity_button_mysefl')元素点击成功
2021-03-13 15:07:01,813 INFO 我的页面-点击未登录下的('id', 'com.tal.kaoyan:id/activity_usercenter_username')元素找到了
2021-03-13 15:07:01,831 INFO 我的页面-点击未登录下的('id', 'com.tal.kaoyan:id/activity_usercenter_username')元素点击成功
2021-03-13 15:07:02,880 INFO 登录页-点击使用密码验证登录下的('id', 'com.tal.kaoyan:id/login_code_touname')元素找到了
2021-03-13 15:07:02,902 INFO 登录页-点击使用密码验证登录下的('id', 'com.tal.kaoyan:id/login_code_touname')元素点击成功
2021-03-13 15:07:03,542 INFO 登录页-输入账号下的('id', 'com.tal.kaoyan:id/login_email_edittext')元素找到了
2021-03-13 15:07:04,067 INFO 登录页-输入账号下的('id', 'com.tal.kaoyan:id/login_email_edittext')元素输入15239938038成功
2021-03-13 15:07:04,695 INFO 登录页-输入密码下的('id', 'com.tal.kaoyan:id/login_password_edittext')元素找到了
2021-03-13 15:07:05,215 INFO 登录页-输入密码下的('id', 'com.tal.kaoyan:id/login_password_edittext')元素输入bowen12345成功
2021-03-13 15:07:05,844 INFO 登录页-勾选同意协议下的('id', 'com.tal.kaoyan:id/login_treaty_checkbox_password')元素找到了
2021-03-13 15:07:05,856 INFO 登录页-勾选同意协议下的('id', 'com.tal.kaoyan:id/login_treaty_checkbox_password')元素点击成功
2021-03-13 15:07:06,388 INFO 登录页-点击登录下的('id', 'com.tal.kaoyan:id/login_login_btn')元素找到了
2021-03-13 15:07:06,411 INFO 登录页-点击登录下的('id', 'com.tal.kaoyan:id/login_login_btn')元素点击成功
2021-03-13 15:09:37,719 INFO 首页-同意协议下的('id', 'com.tal.kaoyan:id/tip_commit')元素找到了
2021-03-13 15:09:37,746 INFO 首页-同意协议下的('id', 'com.tal.kaoyan:id/tip_commit')元素点击成功
2021-03-13 15:09:39,194 INFO 首页-点击广告X下的('id', 'com.tal.kaoyan:id/view_wemedia_cacel')元素找到了
2021-03-13 15:09:39,226 INFO 首页-点击广告X下的('id', 'com.tal.kaoyan:id/view_wemedia_cacel')元素点击成功
2021-03-13 15:09:39,982 INFO 首页-点击日程X下的('id', 'com.tal.kaoyan:id/kaoyan_home_schtip_close')元素找到了
2021-03-13 15:09:40,000 INFO 首页-点击日程X下的('id', 'com.tal.kaoyan:id/kaoyan_home_schtip_close')元素点击成功
2021-03-13 15:09:40,642 INFO 我的页面-点击我的下的('id', 'com.tal.kaoyan:id/mainactivity_button_mysefl')元素找到了
2021-03-13 15:09:40,657 INFO 我的页面-点击我的下的('id', 'com.tal.kaoyan:id/mainactivity_button_mysefl')元素点击成功
2021-03-13 15:09:41,311 INFO 我的页面-点击未登录下的('id', 'com.tal.kaoyan:id/activity_usercenter_username')元素找到了
2021-03-13 15:09:41,330 INFO 我的页面-点击未登录下的('id', 'com.tal.kaoyan:id/activity_usercenter_username')元素点击成功
2021-03-13 15:09:42,294 INFO 登录页-点击使用密码验证登录下的('id', 'com.tal.kaoyan:id/login_code_touname')元素找到了
2021-03-13 15:09:42,305 INFO 登录页-点击使用密码验证登录下的('id', 'com.tal.kaoyan:id/login_code_touname')元素点击成功
2021-03-13 15:09:42,938 INFO 登录页-输入账号下的('id', 'com.tal.kaoyan:id/login_email_edittext')元素找到了
2021-03-13 15:09:43,456 INFO 登录页-输入账号下的('id', 'com.tal.kaoyan:id/login_email_edittext')元素输入15239938038成功
2021-03-13 15:09:44,088 INFO 登录页-输入密码下的('id', 'com.tal.kaoyan:id/login_password_edittext')元素找到了
2021-03-13 15:09:44,611 INFO 登录页-输入密码下的('id', 'com.tal.kaoyan:id/login_password_edittext')元素输入bowen123456成功
2021-03-13 15:09:45,224 INFO 登录页-勾选同意协议下的('id', 'com.tal.kaoyan:id/login_treaty_checkbox_password')元素找到了
2021-03-13 15:09:45,236 INFO 登录页-勾选同意协议下的('id', 'com.tal.kaoyan:id/login_treaty_checkbox_password')元素点击成功
2021-03-13 15:09:45,777 INFO 登录页-点击登录下的('id', 'com.tal.kaoyan:id/login_login_btn')元素找到了
2021-03-13 15:09:45,790 INFO 登录页-点击登录下的('id', 'com.tal.kaoyan:id/login_login_btn')元素点击成功
2021-03-13 15:09:48,940 INFO 我的页面-验证登录名下的('id', 'com.tal.kaoyan:id/activity_usercenter_username')元素找到了
2021-03-13 15:09:48,953 INFO 获取我的页面-验证登录名下的('id', 'com.tal.kaoyan:id/activity_usercenter_username')元素文本博文智生点成功
2021-03-13 15:10:07,885 INFO 首页-同意协议下的('id', 'com.tal.kaoyan:id/tip_commit')元素找到了
2021-03-13 15:10:07,922 INFO 首页-同意协议下的('id', 'com.tal.kaoyan:id/tip_commit')元素点击成功
2021-03-13 15:10:08,821 INFO 首页-点击广告X下的('id', 'com.tal.kaoyan:id/view_wemedia_cacel')元素找到了
2021-03-13 15:10:08,845 INFO 首页-点击广告X下的('id', 'com.tal.kaoyan:id/view_wemedia_cacel')元素点击成功
2021-03-13 15:10:09,705 INFO 首页-点击日程X下的('id', 'com.tal.kaoyan:id/kaoyan_home_schtip_close')元素找到了
2021-03-13 15:10:09,719 INFO 首页-点击日程X下的('id', 'com.tal.kaoyan:id/kaoyan_home_schtip_close')元素点击成功
2021-03-13 15:10:10,399 INFO 我的页面-点击我的下的('id', 'com.tal.kaoyan:id/mainactivity_button_mysefl')元素找到了
2021-03-13 15:10:10,420 INFO 我的页面-点击我的下的('id', 'com.tal.kaoyan:id/mainactivity_button_mysefl')元素点击成功
2021-03-13 15:10:11,125 INFO 我的页面-点击未登录下的('id', 'com.tal.kaoyan:id/activity_usercenter_username')元素找到了
2021-03-13 15:10:11,145 INFO 我的页面-点击未登录下的('id', 'com.tal.kaoyan:id/activity_usercenter_username')元素点击成功
2021-03-13 15:10:12,188 INFO 登录页-点击使用密码验证登录下的('id', 'com.tal.kaoyan:id/login_code_touname')元素找到了
2021-03-13 15:10:12,204 INFO 登录页-点击使用密码验证登录下的('id', 'com.tal.kaoyan:id/login_code_touname')元素点击成功
2021-03-13 15:10:12,838 INFO 登录页-输入账号下的('id', 'com.tal.kaoyan:id/login_email_edittext')元素找到了
2021-03-13 15:10:13,362 INFO 登录页-输入账号下的('id', 'com.tal.kaoyan:id/login_email_edittext')元素输入15239938038成功
2021-03-13 15:10:13,992 INFO 登录页-输入密码下的('id', 'com.tal.kaoyan:id/login_password_edittext')元素找到了
2021-03-13 15:10:14,513 INFO 登录页-输入密码下的('id', 'com.tal.kaoyan:id/login_password_edittext')元素输入bowen12345成功
2021-03-13 15:10:15,144 INFO 登录页-勾选同意协议下的('id', 'com.tal.kaoyan:id/login_treaty_checkbox_password')元素找到了
2021-03-13 15:10:15,156 INFO 登录页-勾选同意协议下的('id', 'com.tal.kaoyan:id/login_treaty_checkbox_password')元素点击成功
2021-03-13 15:10:15,689 INFO 登录页-点击登录下的('id', 'com.tal.kaoyan:id/login_login_btn')元素找到了
2021-03-13 15:10:15,709 INFO 登录页-点击登录下的('id', 'com.tal.kaoyan:id/login_login_btn')元素点击成功
2021-03-13 15:12:42,211 INFO 首页-同意协议下的('id', 'com.tal.kaoyan:id/tip_commit')元素找到了
2021-03-13 15:12:42,268 INFO 首页-同意协议下的('id', 'com.tal.kaoyan:id/tip_commit')元素点击成功
2021-03-13 15:12:43,356 INFO 首页-点击广告X下的('id', 'com.tal.kaoyan:id/view_wemedia_cacel')元素找到了
2021-03-13 15:12:43,370 INFO 首页-点击广告X下的('id', 'com.tal.kaoyan:id/view_wemedia_cacel')元素点击成功
2021-03-13 15:12:44,221 INFO 首页-点击日程X下的('id', 'com.tal.kaoyan:id/kaoyan_home_schtip_close')元素找到了
2021-03-13 15:12:44,234 INFO 首页-点击日程X下的('id', 'com.tal.kaoyan:id/kaoyan_home_schtip_close')元素点击成功
2021-03-13 15:12:44,870 INFO 我的页面-点击我的下的('id', 'com.tal.kaoyan:id/mainactivity_button_mysefl')元素找到了
2021-03-13 15:12:44,884 INFO 我的页面-点击我的下的('id', 'com.tal.kaoyan:id/mainactivity_button_mysefl')元素点击成功
2021-03-13 15:12:45,578 INFO 我的页面-点击未登录下的('id', 'com.tal.kaoyan:id/activity_usercenter_username')元素找到了
2021-03-13 15:12:45,595 INFO 我的页面-点击未登录下的('id', 'com.tal.kaoyan:id/activity_usercenter_username')元素点击成功
2021-03-13 15:12:46,680 INFO 登录页-点击使用密码验证登录下的('id', 'com.tal.kaoyan:id/login_code_touname')元素找到了
2021-03-13 15:12:46,692 INFO 登录页-点击使用密码验证登录下的('id', 'com.tal.kaoyan:id/login_code_touname')元素点击成功
2021-03-13 15:12:47,333 INFO 登录页-输入账号下的('id', 'com.tal.kaoyan:id/login_email_edittext')元素找到了
2021-03-13 15:12:47,863 INFO 登录页-输入账号下的('id', 'com.tal.kaoyan:id/login_email_edittext')元素输入15239938038成功
2021-03-13 15:12:48,514 INFO 登录页-输入密码下的('id', 'com.tal.kaoyan:id/login_password_edittext')元素找到了
2021-03-13 15:12:49,034 INFO 登录页-输入密码下的('id', 'com.tal.kaoyan:id/login_password_edittext')元素输入bowen123456成功
2021-03-13 15:12:49,658 INFO 登录页-勾选同意协议下的('id', 'com.tal.kaoyan:id/login_treaty_checkbox_password')元素找到了
2021-03-13 15:12:49,669 INFO 登录页-勾选同意协议下的('id', 'com.tal.kaoyan:id/login_treaty_checkbox_password')元素点击成功
2021-03-13 15:12:50,203 INFO 登录页-点击登录下的('id', 'com.tal.kaoyan:id/login_login_btn')元素找到了
2021-03-13 15:12:50,225 INFO 登录页-点击登录下的('id', 'com.tal.kaoyan:id/login_login_btn')元素点击成功
2021-03-13 15:12:53,376 INFO 我的页面-验证登录名下的('id', 'com.tal.kaoyan:id/activity_usercenter_username')元素找到了
2021-03-13 15:12:53,391 INFO 获取我的页面-验证登录名下的('id', 'com.tal.kaoyan:id/activity_usercenter_username')元素文本博文智生点成功
2021-03-13 15:13:11,682 INFO 首页-同意协议下的('id', 'com.tal.kaoyan:id/tip_commit')元素找到了
2021-03-13 15:13:11,720 INFO 首页-同意协议下的('id', 'com.tal.kaoyan:id/tip_commit')元素点击成功
2021-03-13 15:13:12,699 INFO 首页-点击广告X下的('id', 'com.tal.kaoyan:id/view_wemedia_cacel')元素找到了
2021-03-13 15:13:12,718 INFO 首页-点击广告X下的('id', 'com.tal.kaoyan:id/view_wemedia_cacel')元素点击成功
2021-03-13 15:13:13,467 INFO 首页-点击日程X下的('id', 'com.tal.kaoyan:id/kaoyan_home_schtip_close')元素找到了
2021-03-13 15:13:13,491 INFO 首页-点击日程X下的('id', 'com.tal.kaoyan:id/kaoyan_home_schtip_close')元素点击成功
2021-03-13 15:13:14,163 INFO 我的页面-点击我的下的('id', 'com.tal.kaoyan:id/mainactivity_button_mysefl')元素找到了
2021-03-13 15:13:14,182 INFO 我的页面-点击我的下的('id', 'com.tal.kaoyan:id/mainactivity_button_mysefl')元素点击成功
2021-03-13 15:13:14,883 INFO 我的页面-点击未登录下的('id', 'com.tal.kaoyan:id/activity_usercenter_username')元素找到了
2021-03-13 15:13:14,907 INFO 我的页面-点击未登录下的('id', 'com.tal.kaoyan:id/activity_usercenter_username')元素点击成功
2021-03-13 15:13:15,909 INFO 登录页-点击使用密码验证登录下的('id', 'com.tal.kaoyan:id/login_code_touname')元素找到了
2021-03-13 15:13:15,926 INFO 登录页-点击使用密码验证登录下的('id', 'com.tal.kaoyan:id/login_code_touname')元素点击成功
2021-03-13 15:13:16,562 INFO 登录页-输入账号下的('id', 'com.tal.kaoyan:id/login_email_edittext')元素找到了
2021-03-13 15:13:17,093 INFO 登录页-输入账号下的('id', 'com.tal.kaoyan:id/login_email_edittext')元素输入15239938038成功
2021-03-13 15:13:17,719 INFO 登录页-输入密码下的('id', 'com.tal.kaoyan:id/login_password_edittext')元素找到了
2021-03-13 15:13:18,239 INFO 登录页-输入密码下的('id', 'com.tal.kaoyan:id/login_password_edittext')元素输入bowen12345成功
2021-03-13 15:13:18,879 INFO 登录页-勾选同意协议下的('id', 'com.tal.kaoyan:id/login_treaty_checkbox_password')元素找到了
2021-03-13 15:13:18,893 INFO 登录页-勾选同意协议下的('id', 'com.tal.kaoyan:id/login_treaty_checkbox_password')元素点击成功
2021-03-13 15:13:19,423 INFO 登录页-点击登录下的('id', 'com.tal.kaoyan:id/login_login_btn')元素找到了
2021-03-13 15:13:19,441 INFO 登录页-点击登录下的('id', 'com.tal.kaoyan:id/login_login_btn')元素点击成功
2021-03-13 15:15:41,418 INFO 首页-同意协议下的('id', 'com.tal.kaoyan:id/tip_commit')元素找到了
2021-03-13 15:15:41,463 INFO 首页-同意协议下的('id', 'com.tal.kaoyan:id/tip_commit')元素点击成功
2021-03-13 15:15:42,533 INFO 首页-点击广告X下的('id', 'com.tal.kaoyan:id/view_wemedia_cacel')元素找到了
2021-03-13 15:15:42,551 INFO 首页-点击广告X下的('id', 'com.tal.kaoyan:id/view_wemedia_cacel')元素点击成功
2021-03-13 15:15:43,337 INFO 首页-点击日程X下的('id', 'com.tal.kaoyan:id/kaoyan_home_schtip_close')元素找到了
2021-03-13 15:15:43,352 INFO 首页-点击日程X下的('id', 'com.tal.kaoyan:id/kaoyan_home_schtip_close')元素点击成功
2021-03-13 15:15:43,999 INFO 我的页面-点击我的下的('id', 'com.tal.kaoyan:id/mainactivity_button_mysefl')元素找到了
2021-03-13 15:15:44,016 INFO 我的页面-点击我的下的('id', 'com.tal.kaoyan:id/mainactivity_button_mysefl')元素点击成功
2021-03-13 15:15:44,685 INFO 我的页面-点击未登录下的('id', 'com.tal.kaoyan:id/activity_usercenter_username')元素找到了
2021-03-13 15:15:44,704 INFO 我的页面-点击未登录下的('id', 'com.tal.kaoyan:id/activity_usercenter_username')元素点击成功
2021-03-13 15:15:45,760 INFO 登录页-点击使用密码验证登录下的('id', 'com.tal.kaoyan:id/login_code_touname')元素找到了
2021-03-13 15:15:45,778 INFO 登录页-点击使用密码验证登录下的('id', 'com.tal.kaoyan:id/login_code_touname')元素点击成功
2021-03-13 15:15:46,407 INFO 登录页-输入账号下的('id', 'com.tal.kaoyan:id/login_email_edittext')元素找到了
2021-03-13 15:15:46,931 INFO 登录页-输入账号下的('id', 'com.tal.kaoyan:id/login_email_edittext')元素输入15239938038成功
2021-03-13 15:15:47,559 INFO 登录页-输入密码下的('id', 'com.tal.kaoyan:id/login_password_edittext')元素找到了
2021-03-13 15:15:48,076 INFO 登录页-输入密码下的('id', 'com.tal.kaoyan:id/login_password_edittext')元素输入bowen123456成功
2021-03-13 15:15:48,717 INFO 登录页-勾选同意协议下的('id', 'com.tal.kaoyan:id/login_treaty_checkbox_password')元素找到了
2021-03-13 15:15:48,730 INFO 登录页-勾选同意协议下的('id', 'com.tal.kaoyan:id/login_treaty_checkbox_password')元素点击成功
2021-03-13 15:15:49,253 INFO 登录页-点击登录下的('id', 'com.tal.kaoyan:id/login_login_btn')元素找到了
2021-03-13 15:15:49,277 INFO 登录页-点击登录下的('id', 'com.tal.kaoyan:id/login_login_btn')元素点击成功
2021-03-13 15:15:52,289 INFO 我的页面-验证登录名下的('id', 'com.tal.kaoyan:id/activity_usercenter_username')元素找到了
2021-03-13 15:15:52,304 INFO 获取我的页面-验证登录名下的('id', 'com.tal.kaoyan:id/activity_usercenter_username')元素文本博文智生点成功
2021-03-13 15:16:10,631 INFO 首页-同意协议下的('id', 'com.tal.kaoyan:id/tip_commit')元素找到了
2021-03-13 15:16:10,668 INFO 首页-同意协议下的('id', 'com.tal.kaoyan:id/tip_commit')元素点击成功
2021-03-13 15:16:11,486 INFO 首页-点击广告X下的('id', 'com.tal.kaoyan:id/view_wemedia_cacel')元素找到了
2021-03-13 15:16:11,504 INFO 首页-点击广告X下的('id', 'com.tal.kaoyan:id/view_wemedia_cacel')元素点击成功
2021-03-13 15:16:12,302 INFO 首页-点击日程X下的('id', 'com.tal.kaoyan:id/kaoyan_home_schtip_close')元素找到了
2021-03-13 15:16:12,323 INFO 首页-点击日程X下的('id', 'com.tal.kaoyan:id/kaoyan_home_schtip_close')元素点击成功
2021-03-13 15:16:12,969 INFO 我的页面-点击我的下的('id', 'com.tal.kaoyan:id/mainactivity_button_mysefl')元素找到了
2021-03-13 15:16:12,985 INFO 我的页面-点击我的下的('id', 'com.tal.kaoyan:id/mainactivity_button_mysefl')元素点击成功
2021-03-13 15:16:13,672 INFO 我的页面-点击未登录下的('id', 'com.tal.kaoyan:id/activity_usercenter_username')元素找到了
2021-03-13 15:16:13,692 INFO 我的页面-点击未登录下的('id', 'com.tal.kaoyan:id/activity_usercenter_username')元素点击成功
2021-03-13 15:16:14,792 INFO 登录页-点击使用密码验证登录下的('id', 'com.tal.kaoyan:id/login_code_touname')元素找到了
2021-03-13 15:16:14,810 INFO 登录页-点击使用密码验证登录下的('id', 'com.tal.kaoyan:id/login_code_touname')元素点击成功
2021-03-13 15:16:15,449 INFO 登录页-输入账号下的('id', 'com.tal.kaoyan:id/login_email_edittext')元素找到了
2021-03-13 15:16:15,971 INFO 登录页-输入账号下的('id', 'com.tal.kaoyan:id/login_email_edittext')元素输入15239938038成功
2021-03-13 15:16:16,590 INFO 登录页-输入密码下的('id', 'com.tal.kaoyan:id/login_password_edittext')元素找到了
2021-03-13 15:16:17,116 INFO 登录页-输入密码下的('id', 'com.tal.kaoyan:id/login_password_edittext')元素输入bowen12345成功
2021-03-13 15:16:17,748 INFO 登录页-勾选同意协议下的('id', 'com.tal.kaoyan:id/login_treaty_checkbox_password')元素找到了
2021-03-13 15:16:17,766 INFO 登录页-勾选同意协议下的('id', 'com.tal.kaoyan:id/login_treaty_checkbox_password')元素点击成功
2021-03-13 15:16:18,294 INFO 登录页-点击登录下的('id', 'com.tal.kaoyan:id/login_login_btn')元素找到了
2021-03-13 15:16:18,314 INFO 登录页-点击登录下的('id', 'com.tal.kaoyan:id/login_login_btn')元素点击成功
2021-03-13 15:18:27,407 INFO 首页-同意协议下的('id', 'com.tal.kaoyan:id/tip_commit')元素找到了
2021-03-13 15:18:27,442 INFO 首页-同意协议下的('id', 'com.tal.kaoyan:id/tip_commit')元素点击成功
2021-03-13 15:18:28,808 INFO 首页-点击广告X下的('id', 'com.tal.kaoyan:id/view_wemedia_cacel')元素找到了
2021-03-13 15:18:28,822 INFO 首页-点击广告X下的('id', 'com.tal.kaoyan:id/view_wemedia_cacel')元素点击成功
2021-03-13 15:18:29,567 INFO 首页-点击日程X下的('id', 'com.tal.kaoyan:id/kaoyan_home_schtip_close')元素找到了
2021-03-13 15:18:29,579 INFO 首页-点击日程X下的('id', 'com.tal.kaoyan:id/kaoyan_home_schtip_close')元素点击成功
2021-03-13 15:18:30,255 INFO 我的页面-点击我的下的('id', 'com.tal.kaoyan:id/mainactivity_button_mysefl')元素找到了
2021-03-13 15:18:30,278 INFO 我的页面-点击我的下的('id', 'com.tal.kaoyan:id/mainactivity_button_mysefl')元素点击成功
2021-03-13 15:18:30,958 INFO 我的页面-点击未登录下的('id', 'com.tal.kaoyan:id/activity_usercenter_username')元素找到了
2021-03-13 15:18:30,975 INFO 我的页面-点击未登录下的('id', 'com.tal.kaoyan:id/activity_usercenter_username')元素点击成功
2021-03-13 15:18:31,899 INFO 登录页-点击使用密码验证登录下的('id', 'com.tal.kaoyan:id/login_code_touname')元素找到了
2021-03-13 15:18:31,911 INFO 登录页-点击使用密码验证登录下的('id', 'com.tal.kaoyan:id/login_code_touname')元素点击成功
2021-03-13 15:18:32,543 INFO 登录页-输入账号下的('id', 'com.tal.kaoyan:id/login_email_edittext')元素找到了
2021-03-13 15:18:33,062 INFO 登录页-输入账号下的('id', 'com.tal.kaoyan:id/login_email_edittext')元素输入15239938038成功
2021-03-13 15:18:33,710 INFO 登录页-输入密码下的('id', 'com.tal.kaoyan:id/login_password_edittext')元素找到了
2021-03-13 15:18:34,228 INFO 登录页-输入密码下的('id', 'com.tal.kaoyan:id/login_password_edittext')元素输入bowen123456成功
2021-03-13 15:18:35,297 INFO 登录页-勾选同意协议下的('id', 'com.tal.kaoyan:id/login_treaty_checkbox_password')元素找到了
2021-03-13 15:18:35,311 INFO 登录页-勾选同意协议下的('id', 'com.tal.kaoyan:id/login_treaty_checkbox_password')元素点击成功
2021-03-13 15:18:35,844 INFO 登录页-点击登录下的('id', 'com.tal.kaoyan:id/login_login_btn')元素找到了
2021-03-13 15:18:35,858 INFO 登录页-点击登录下的('id', 'com.tal.kaoyan:id/login_login_btn')元素点击成功
2021-03-13 15:18:38,808 INFO 我的页面-验证登录名下的('id', 'com.tal.kaoyan:id/activity_usercenter_username')元素找到了
2021-03-13 15:18:38,822 INFO 获取我的页面-验证登录名下的('id', 'com.tal.kaoyan:id/activity_usercenter_username')元素文本博文智生点成功
2021-03-13 15:18:56,087 INFO 首页-同意协议下的('id', 'com.tal.kaoyan:id/tip_commit')元素找到了
2021-03-13 15:18:56,124 INFO 首页-同意协议下的('id', 'com.tal.kaoyan:id/tip_commit')元素点击成功
2021-03-13 15:18:57,080 INFO 首页-点击广告X下的('id', 'com.tal.kaoyan:id/view_wemedia_cacel')元素找到了
2021-03-13 15:18:57,098 INFO 首页-点击广告X下的('id', 'com.tal.kaoyan:id/view_wemedia_cacel')元素点击成功
2021-03-13 15:18:57,902 INFO 首页-点击日程X下的('id', 'com.tal.kaoyan:id/kaoyan_home_schtip_close')元素找到了
2021-03-13 15:18:57,943 INFO 首页-点击日程X下的('id', 'com.tal.kaoyan:id/kaoyan_home_schtip_close')元素点击成功
2021-03-13 15:18:58,679 INFO 我的页面-点击我的下的('id', 'com.tal.kaoyan:id/mainactivity_button_mysefl')元素找到了
2021-03-13 15:18:58,701 INFO 我的页面-点击我的下的('id', 'com.tal.kaoyan:id/mainactivity_button_mysefl')元素点击成功
2021-03-13 15:18:59,383 INFO 我的页面-点击未登录下的('id', 'com.tal.kaoyan:id/activity_usercenter_username')元素找到了
2021-03-13 15:18:59,403 INFO 我的页面-点击未登录下的('id', 'com.tal.kaoyan:id/activity_usercenter_username')元素点击成功
2021-03-13 15:19:00,454 INFO 登录页-点击使用密码验证登录下的('id', 'com.tal.kaoyan:id/login_code_touname')元素找到了
2021-03-13 15:19:00,470 INFO 登录页-点击使用密码验证登录下的('id', 'com.tal.kaoyan:id/login_code_touname')元素点击成功
2021-03-13 15:19:01,104 INFO 登录页-输入账号下的('id', 'com.tal.kaoyan:id/login_email_edittext')元素找到了
2021-03-13 15:19:01,624 INFO 登录页-输入账号下的('id', 'com.tal.kaoyan:id/login_email_edittext')元素输入15239938038成功
2021-03-13 15:19:02,246 INFO 登录页-输入密码下的('id', 'com.tal.kaoyan:id/login_password_edittext')元素找到了
2021-03-13 15:19:02,765 INFO 登录页-输入密码下的('id', 'com.tal.kaoyan:id/login_password_edittext')元素输入bowen12345成功
2021-03-13 15:19:03,417 INFO 登录页-勾选同意协议下的('id', 'com.tal.kaoyan:id/login_treaty_checkbox_password')元素找到了
2021-03-13 15:19:03,430 INFO 登录页-勾选同意协议下的('id', 'com.tal.kaoyan:id/login_treaty_checkbox_password')元素点击成功
2021-03-13 15:19:03,957 INFO 登录页-点击登录下的('id', 'com.tal.kaoyan:id/login_login_btn')元素找到了
2021-03-13 15:19:03,973 INFO 登录页-点击登录下的('id', 'com.tal.kaoyan:id/login_login_btn')元素点击成功
2021-03-13 15:20:30,893 INFO 首页-同意协议下的('id', 'com.tal.kaoyan:id/tip_commit')元素找到了
2021-03-13 15:20:30,929 INFO 首页-同意协议下的('id', 'com.tal.kaoyan:id/tip_commit')元素点击成功
2021-03-13 15:20:31,750 INFO 首页-点击广告X下的('id', 'com.tal.kaoyan:id/view_wemedia_cacel')元素找到了
2021-03-13 15:20:31,764 INFO 首页-点击广告X下的('id', 'com.tal.kaoyan:id/view_wemedia_cacel')元素点击成功
2021-03-13 15:20:32,532 INFO 首页-点击日程X下的('id', 'com.tal.kaoyan:id/kaoyan_home_schtip_close')元素找到了
2021-03-13 15:20:32,547 INFO 首页-点击日程X下的('id', 'com.tal.kaoyan:id/kaoyan_home_schtip_close')元素点击成功
2021-03-13 15:20:33,258 INFO 我的页面-点击我的下的('id', 'com.tal.kaoyan:id/mainactivity_button_mysefl')元素找到了
2021-03-13 15:20:33,286 INFO 我的页面-点击我的下的('id', 'com.tal.kaoyan:id/mainactivity_button_mysefl')元素点击成功
2021-03-13 15:20:33,977 INFO 我的页面-点击未登录下的('id', 'com.tal.kaoyan:id/activity_usercenter_username')元素找到了
2021-03-13 15:20:34,006 INFO 我的页面-点击未登录下的('id', 'com.tal.kaoyan:id/activity_usercenter_username')元素点击成功
2021-03-13 15:20:35,306 INFO 登录页-点击使用密码验证登录下的('id', 'com.tal.kaoyan:id/login_code_touname')元素找到了
2021-03-13 15:20:35,319 INFO 登录页-点击使用密码验证登录下的('id', 'com.tal.kaoyan:id/login_code_touname')元素点击成功
2021-03-13 15:20:35,952 INFO 登录页-输入账号下的('id', 'com.tal.kaoyan:id/login_email_edittext')元素找到了
2021-03-13 15:20:36,470 INFO 登录页-输入账号下的('id', 'com.tal.kaoyan:id/login_email_edittext')元素输入15239938038成功
2021-03-13 15:20:37,106 INFO 登录页-输入密码下的('id', 'com.tal.kaoyan:id/login_password_edittext')元素找到了
2021-03-13 15:20:37,632 INFO 登录页-输入密码下的('id', 'com.tal.kaoyan:id/login_password_edittext')元素输入bowen123456成功
2021-03-13 15:20:38,263 INFO 登录页-勾选同意协议下的('id', 'com.tal.kaoyan:id/login_treaty_checkbox_password')元素找到了
2021-03-13 15:20:38,276 INFO 登录页-勾选同意协议下的('id', 'com.tal.kaoyan:id/login_treaty_checkbox_password')元素点击成功
2021-03-13 15:20:38,803 INFO 登录页-点击登录下的('id', 'com.tal.kaoyan:id/login_login_btn')元素找到了
2021-03-13 15:20:38,823 INFO 登录页-点击登录下的('id', 'com.tal.kaoyan:id/login_login_btn')元素点击成功
2021-03-13 15:20:42,327 INFO 我的页面-验证登录名下的('id', 'com.tal.kaoyan:id/activity_usercenter_username')元素找到了
2021-03-13 15:20:42,338 INFO 获取我的页面-验证登录名下的('id', 'com.tal.kaoyan:id/activity_usercenter_username')元素文本博文智生点成功
2021-03-13 15:21:00,425 INFO 首页-同意协议下的('id', 'com.tal.kaoyan:id/tip_commit')元素找到了
2021-03-13 15:21:00,469 INFO 首页-同意协议下的('id', 'com.tal.kaoyan:id/tip_commit')元素点击成功
2021-03-13 15:21:33,100 INFO 首页-点击广告X下的('id', 'com.tal.kaoyan:id/view_wemedia_cacel')元素等待失败
2021-03-13 15:21:33,522 INFO 首页-点击广告X下的('id', 'com.tal.kaoyan:id/view_wemedia_cacel')元素点击失败
2021-03-13 16:05:57,696 INFO 首页-同意协议下的('id', 'com.tal.kaoyan:id/tip_commit')元素找到了
2021-03-13 16:05:57,748 INFO 首页-同意协议下的('id', 'com.tal.kaoyan:id/tip_commit')元素点击成功
2021-03-13 16:05:58,622 INFO 首页-点击广告X下的('id', 'com.tal.kaoyan:id/view_wemedia_cacel')元素找到了
2021-03-13 16:05:58,658 INFO 首页-点击广告X下的('id', 'com.tal.kaoyan:id/view_wemedia_cacel')元素点击成功
2021-03-13 16:05:59,417 INFO 首页-点击日程X下的('id', 'com.tal.kaoyan:id/kaoyan_home_schtip_close')元素找到了
2021-03-13 16:05:59,432 INFO 首页-点击日程X下的('id', 'com.tal.kaoyan:id/kaoyan_home_schtip_close')元素点击成功
2021-03-13 16:06:00,109 INFO 我的页面-点击我的下的('id', 'com.tal.kaoyan:id/mainactivity_button_mysefl')元素找到了
2021-03-13 16:06:00,128 INFO 我的页面-点击我的下的('id', 'com.tal.kaoyan:id/mainactivity_button_mysefl')元素点击成功
2021-03-13 16:06:00,960 INFO 我的页面-点击未登录下的('id', 'com.tal.kaoyan:id/activity_usercenter_username')元素找到了
2021-03-13 16:06:00,987 INFO 我的页面-点击未登录下的('id', 'com.tal.kaoyan:id/activity_usercenter_username')元素点击成功
2021-03-13 16:06:02,007 INFO 登录页-点击使用密码验证登录下的('id', 'com.tal.kaoyan:id/login_code_touname')元素找到了
2021-03-13 16:06:02,022 INFO 登录页-点击使用密码验证登录下的('id', 'com.tal.kaoyan:id/login_code_touname')元素点击成功
2021-03-13 16:06:02,668 INFO 登录页-输入账号下的('id', 'com.tal.kaoyan:id/login_email_edittext')元素找到了
2021-03-13 16:06:03,189 INFO 登录页-输入账号下的('id', 'com.tal.kaoyan:id/login_email_edittext')元素输入15239938038成功
2021-03-13 16:06:03,806 INFO 登录页-输入密码下的('id', 'com.tal.kaoyan:id/login_password_edittext')元素找到了
2021-03-13 16:06:04,328 INFO 登录页-输入密码下的('id', 'com.tal.kaoyan:id/login_password_edittext')元素输入bowen123456成功
2021-03-13 16:06:04,955 INFO 登录页-勾选同意协议下的('id', 'com.tal.kaoyan:id/login_treaty_checkbox_password')元素找到了
2021-03-13 16:06:04,971 INFO 登录页-勾选同意协议下的('id', 'com.tal.kaoyan:id/login_treaty_checkbox_password')元素点击成功
2021-03-13 16:06:05,503 INFO 登录页-点击登录下的('id', 'com.tal.kaoyan:id/login_login_btn')元素找到了
2021-03-13 16:06:05,526 INFO 登录页-点击登录下的('id', 'com.tal.kaoyan:id/login_login_btn')元素点击成功
2021-03-13 16:06:09,399 INFO 我的页面-验证登录名下的('id', 'com.tal.kaoyan:id/activity_usercenter_username')元素找到了
2021-03-13 16:06:09,414 INFO 获取我的页面-验证登录名下的('id', 'com.tal.kaoyan:id/activity_usercenter_username')元素文本博文智生点成功
2021-03-13 16:06:30,366 INFO 首页-同意协议下的('id', 'com.tal.kaoyan:id/tip_commit')元素找到了
2021-03-13 16:06:30,435 INFO 首页-同意协议下的('id', 'com.tal.kaoyan:id/tip_commit')元素点击成功
2021-03-13 16:06:31,725 INFO 首页-点击广告X下的('id', 'com.tal.kaoyan:id/view_wemedia_cacel')元素找到了
2021-03-13 16:06:31,742 INFO 首页-点击广告X下的('id', 'com.tal.kaoyan:id/view_wemedia_cacel')元素点击成功
2021-03-13 16:06:32,526 INFO 首页-点击日程X下的('id', 'com.tal.kaoyan:id/kaoyan_home_schtip_close')元素找到了
2021-03-13 16:06:32,543 INFO 首页-点击日程X下的('id', 'com.tal.kaoyan:id/kaoyan_home_schtip_close')元素点击成功
2021-03-13 16:06:33,209 INFO 我的页面-点击我的下的('id', 'com.tal.kaoyan:id/mainactivity_button_mysefl')元素找到了
2021-03-13 16:06:33,227 INFO 我的页面-点击我的下的('id', 'com.tal.kaoyan:id/mainactivity_button_mysefl')元素点击成功
2021-03-13 16:06:33,915 INFO 我的页面-点击未登录下的('id', 'com.tal.kaoyan:id/activity_usercenter_username')元素找到了
2021-03-13 16:06:33,933 INFO 我的页面-点击未登录下的('id', 'com.tal.kaoyan:id/activity_usercenter_username')元素点击成功
2021-03-13 16:06:35,300 INFO 登录页-点击使用密码验证登录下的('id', 'com.tal.kaoyan:id/login_code_touname')元素找到了
2021-03-13 16:06:35,330 INFO 登录页-点击使用密码验证登录下的('id', 'com.tal.kaoyan:id/login_code_touname')元素点击成功
2021-03-13 16:06:35,967 INFO 登录页-输入账号下的('id', 'com.tal.kaoyan:id/login_email_edittext')元素找到了
2021-03-13 16:06:36,487 INFO 登录页-输入账号下的('id', 'com.tal.kaoyan:id/login_email_edittext')元素输入15239938038成功
2021-03-13 16:06:37,124 INFO 登录页-输入密码下的('id', 'com.tal.kaoyan:id/login_password_edittext')元素找到了
2021-03-13 16:06:37,644 INFO 登录页-输入密码下的('id', 'com.tal.kaoyan:id/login_password_edittext')元素输入bowen12345成功
2021-03-13 16:06:38,279 INFO 登录页-勾选同意协议下的('id', 'com.tal.kaoyan:id/login_treaty_checkbox_password')元素找到了
2021-03-13 16:06:38,304 INFO 登录页-勾选同意协议下的('id', 'com.tal.kaoyan:id/login_treaty_checkbox_password')元素点击成功
2021-03-13 16:06:38,835 INFO 登录页-点击登录下的('id', 'com.tal.kaoyan:id/login_login_btn')元素找到了
2021-03-13 16:06:38,862 INFO 登录页-点击登录下的('id', 'com.tal.kaoyan:id/login_login_btn')元素点击成功
2021-03-13 16:07:53,290 INFO 首页-同意协议下的('id', 'com.tal.kaoyan:id/tip_commit')元素找到了
2021-03-13 16:07:53,324 INFO 首页-同意协议下的('id', 'com.tal.kaoyan:id/tip_commit')元素点击成功
2021-03-13 16:07:54,252 INFO 首页-点击广告X下的('id', 'com.tal.kaoyan:id/view_wemedia_cacel')元素找到了
2021-03-13 16:07:54,273 INFO 首页-点击广告X下的('id', 'com.tal.kaoyan:id/view_wemedia_cacel')元素点击成功
2021-03-13 16:07:55,112 INFO 首页-点击日程X下的('id', 'com.tal.kaoyan:id/kaoyan_home_schtip_close')元素找到了
2021-03-13 16:07:55,134 INFO 首页-点击日程X下的('id', 'com.tal.kaoyan:id/kaoyan_home_schtip_close')元素点击成功
2021-03-13 16:07:55,863 INFO 我的页面-点击我的下的('id', 'com.tal.kaoyan:id/mainactivity_button_mysefl')元素找到了
2021-03-13 16:07:55,887 INFO 我的页面-点击我的下的('id', 'com.tal.kaoyan:id/mainactivity_button_mysefl')元素点击成功
2021-03-13 16:07:56,575 INFO 我的页面-点击未登录下的('id', 'com.tal.kaoyan:id/activity_usercenter_username')元素找到了
2021-03-13 16:07:56,597 INFO 我的页面-点击未登录下的('id', 'com.tal.kaoyan:id/activity_usercenter_username')元素点击成功
2021-03-13 16:07:57,719 INFO 登录页-点击使用密码验证登录下的('id', 'com.tal.kaoyan:id/login_code_touname')元素找到了
2021-03-13 16:07:57,742 INFO 登录页-点击使用密码验证登录下的('id', 'com.tal.kaoyan:id/login_code_touname')元素点击成功
2021-03-13 16:07:58,380 INFO 登录页-输入账号下的('id', 'com.tal.kaoyan:id/login_email_edittext')元素找到了
2021-03-13 16:07:58,910 INFO 登录页-输入账号下的('id', 'com.tal.kaoyan:id/login_email_edittext')元素输入15239938038成功
2021-03-13 16:07:59,560 INFO 登录页-输入密码下的('id', 'com.tal.kaoyan:id/login_password_edittext')元素找到了
2021-03-13 16:08:00,080 INFO 登录页-输入密码下的('id', 'com.tal.kaoyan:id/login_password_edittext')元素输入bowen123456成功
2021-03-13 16:08:00,712 INFO 登录页-勾选同意协议下的('id', 'com.tal.kaoyan:id/login_treaty_checkbox_password')元素找到了
2021-03-13 16:08:00,727 INFO 登录页-勾选同意协议下的('id', 'com.tal.kaoyan:id/login_treaty_checkbox_password')元素点击成功
2021-03-13 16:08:01,266 INFO 登录页-点击登录下的('id', 'com.tal.kaoyan:id/login_login_btn')元素找到了
2021-03-13 16:08:01,284 INFO 登录页-点击登录下的('id', 'com.tal.kaoyan:id/login_login_btn')元素点击成功
2021-03-13 16:08:04,659 INFO 我的页面-验证登录名下的('id', 'com.tal.kaoyan:id/activity_usercenter_username')元素找到了
2021-03-13 16:08:04,672 INFO 获取我的页面-验证登录名下的('id', 'com.tal.kaoyan:id/activity_usercenter_username')元素文本博文智生点成功
2021-03-13 16:08:27,408 INFO 首页-同意协议下的('id', 'com.tal.kaoyan:id/tip_commit')元素找到了
2021-03-13 16:08:27,458 INFO 首页-同意协议下的('id', 'com.tal.kaoyan:id/tip_commit')元素点击成功
2021-03-13 16:08:28,322 INFO 首页-点击广告X下的('id', 'com.tal.kaoyan:id/view_wemedia_cacel')元素找到了
2021-03-13 16:08:28,357 INFO 首页-点击广告X下的('id', 'com.tal.kaoyan:id/view_wemedia_cacel')元素点击成功
2021-03-13 16:08:29,171 INFO 首页-点击日程X下的('id', 'com.tal.kaoyan:id/kaoyan_home_schtip_close')元素找到了
2021-03-13 16:08:29,185 INFO 首页-点击日程X下的('id', 'com.tal.kaoyan:id/kaoyan_home_schtip_close')元素点击成功
2021-03-13 16:08:29,881 INFO 我的页面-点击我的下的('id', 'com.tal.kaoyan:id/mainactivity_button_mysefl')元素找到了
2021-03-13 16:08:29,903 INFO 我的页面-点击我的下的('id', 'com.tal.kaoyan:id/mainactivity_button_mysefl')元素点击成功
2021-03-13 16:08:30,586 INFO 我的页面-点击未登录下的('id', 'com.tal.kaoyan:id/activity_usercenter_username')元素找到了
2021-03-13 16:08:30,605 INFO 我的页面-点击未登录下的('id', 'com.tal.kaoyan:id/activity_usercenter_username')元素点击成功
2021-03-13 16:08:31,676 INFO 登录页-点击使用密码验证登录下的('id', 'com.tal.kaoyan:id/login_code_touname')元素找到了
2021-03-13 16:08:31,698 INFO 登录页-点击使用密码验证登录下的('id', 'com.tal.kaoyan:id/login_code_touname')元素点击成功
2021-03-13 16:08:32,381 INFO 登录页-输入账号下的('id', 'com.tal.kaoyan:id/login_email_edittext')元素找到了
2021-03-13 16:08:32,915 INFO 登录页-输入账号下的('id', 'com.tal.kaoyan:id/login_email_edittext')元素输入15239938038成功
2021-03-13 16:08:33,546 INFO 登录页-输入密码下的('id', 'com.tal.kaoyan:id/login_password_edittext')元素找到了
2021-03-13 16:08:34,068 INFO 登录页-输入密码下的('id', 'com.tal.kaoyan:id/login_password_edittext')元素输入bowen12345成功
2021-03-13 16:08:35,303 INFO 登录页-勾选同意协议下的('id', 'com.tal.kaoyan:id/login_treaty_checkbox_password')元素找到了
2021-03-13 16:08:35,319 INFO 登录页-勾选同意协议下的('id', 'com.tal.kaoyan:id/login_treaty_checkbox_password')元素点击成功
2021-03-13 16:08:35,843 INFO 登录页-点击登录下的('id', 'com.tal.kaoyan:id/login_login_btn')元素找到了
2021-03-13 16:08:35,858 INFO 登录页-点击登录下的('id', 'com.tal.kaoyan:id/login_login_btn')元素点击成功
2021-03-13 21:04:53,162 INFO 首页-同意协议下的('id', 'com.tal.kaoyan:id/tip_commit')元素找到了
2021-03-13 21:04:53,214 INFO 首页-同意协议下的('id', 'com.tal.kaoyan:id/tip_commit')元素点击成功
2021-03-13 21:04:54,107 INFO 首页-点击广告X下的('id', 'com.tal.kaoyan:id/view_wemedia_cacel')元素找到了
2021-03-13 21:04:54,120 INFO 首页-点击广告X下的('id', 'com.tal.kaoyan:id/view_wemedia_cacel')元素点击成功
2021-03-13 21:04:54,886 INFO 首页-点击日程X下的('id', 'com.tal.kaoyan:id/kaoyan_home_schtip_close')元素找到了
2021-03-13 21:04:54,901 INFO 首页-点击日程X下的('id', 'com.tal.kaoyan:id/kaoyan_home_schtip_close')元素点击成功
2021-03-13 21:04:55,585 INFO 我的页面-点击我的下的('id', 'com.tal.kaoyan:id/mainactivity_button_mysefl')元素找到了
2021-03-13 21:04:55,622 INFO 我的页面-点击我的下的('id', 'com.tal.kaoyan:id/mainactivity_button_mysefl')元素点击成功
2021-03-13 21:04:56,271 INFO 我的页面-点击未登录下的('id', 'com.tal.kaoyan:id/activity_usercenter_username')元素找到了
2021-03-13 21:04:56,296 INFO 我的页面-点击未登录下的('id', 'com.tal.kaoyan:id/activity_usercenter_username')元素点击成功
2021-03-13 21:04:57,299 INFO 登录页-点击使用密码验证登录下的('id', 'com.tal.kaoyan:id/login_code_touname')元素找到了
2021-03-13 21:04:57,311 INFO 登录页-点击使用密码验证登录下的('id', 'com.tal.kaoyan:id/login_code_touname')元素点击成功
2021-03-13 21:04:57,957 INFO 登录页-输入账号下的('id', 'com.tal.kaoyan:id/login_email_edittext')元素找到了
2021-03-13 21:04:58,480 INFO 登录页-输入账号下的('id', 'com.tal.kaoyan:id/login_email_edittext')元素输入15239938038成功
2021-03-13 21:04:59,104 INFO 登录页-输入密码下的('id', 'com.tal.kaoyan:id/login_password_edittext')元素找到了
2021-03-13 21:04:59,623 INFO 登录页-输入密码下的('id', 'com.tal.kaoyan:id/login_password_edittext')元素输入bowen123456成功
2021-03-13 21:05:00,246 INFO 登录页-勾选同意协议下的('id', 'com.tal.kaoyan:id/login_treaty_checkbox_password')元素找到了
2021-03-13 21:05:00,263 INFO 登录页-勾选同意协议下的('id', 'com.tal.kaoyan:id/login_treaty_checkbox_password')元素点击成功
2021-03-13 21:05:00,793 INFO 登录页-点击登录下的('id', 'com.tal.kaoyan:id/login_login_btn')元素找到了
2021-03-13 21:05:00,815 INFO 登录页-点击登录下的('id', 'com.tal.kaoyan:id/login_login_btn')元素点击成功
2021-03-13 21:05:04,140 INFO 我的页面-验证登录名下的('id', 'com.tal.kaoyan:id/activity_usercenter_username')元素找到了
2021-03-13 21:05:04,153 INFO 获取我的页面-验证登录名下的('id', 'com.tal.kaoyan:id/activity_usercenter_username')元素文本博文智生点成功
2021-03-13 21:05:27,700 INFO 首页-同意协议下的('id', 'com.tal.kaoyan:id/tip_commit')元素找到了
2021-03-13 21:05:27,737 INFO 首页-同意协议下的('id', 'com.tal.kaoyan:id/tip_commit')元素点击成功
2021-03-13 21:05:28,671 INFO 首页-点击广告X下的('id', 'com.tal.kaoyan:id/view_wemedia_cacel')元素找到了
2021-03-13 21:05:28,695 INFO 首页-点击广告X下的('id', 'com.tal.kaoyan:id/view_wemedia_cacel')元素点击成功
2021-03-13 21:05:29,507 INFO 首页-点击日程X下的('id', 'com.tal.kaoyan:id/kaoyan_home_schtip_close')元素找到了
2021-03-13 21:05:29,523 INFO 首页-点击日程X下的('id', 'com.tal.kaoyan:id/kaoyan_home_schtip_close')元素点击成功
2021-03-13 21:05:30,186 INFO 我的页面-点击我的下的('id', 'com.tal.kaoyan:id/mainactivity_button_mysefl')元素找到了
2021-03-13 21:05:30,202 INFO 我的页面-点击我的下的('id', 'com.tal.kaoyan:id/mainactivity_button_mysefl')元素点击成功
2021-03-13 21:05:30,883 INFO 我的页面-点击未登录下的('id', 'com.tal.kaoyan:id/activity_usercenter_username')元素找到了
2021-03-13 21:05:30,902 INFO 我的页面-点击未登录下的('id', 'com.tal.kaoyan:id/activity_usercenter_username')元素点击成功
2021-03-13 21:05:31,881 INFO 登录页-点击使用密码验证登录下的('id', 'com.tal.kaoyan:id/login_code_touname')元素找到了
2021-03-13 21:05:31,897 INFO 登录页-点击使用密码验证登录下的('id', 'com.tal.kaoyan:id/login_code_touname')元素点击成功
2021-03-13 21:05:32,533 INFO 登录页-输入账号下的('id', 'com.tal.kaoyan:id/login_email_edittext')元素找到了
2021-03-13 21:05:33,053 INFO 登录页-输入账号下的('id', 'com.tal.kaoyan:id/login_email_edittext')元素输入15239938038成功
2021-03-13 21:05:33,676 INFO 登录页-输入密码下的('id', 'com.tal.kaoyan:id/login_password_edittext')元素找到了
2021-03-13 21:05:34,195 INFO 登录页-输入密码下的('id', 'com.tal.kaoyan:id/login_password_edittext')元素输入bowen12345成功
2021-03-13 21:05:34,816 INFO 登录页-勾选同意协议下的('id', 'com.tal.kaoyan:id/login_treaty_checkbox_password')元素找到了
2021-03-13 21:05:34,830 INFO 登录页-勾选同意协议下的('id', 'com.tal.kaoyan:id/login_treaty_checkbox_password')元素点击成功
2021-03-13 21:05:35,369 INFO 登录页-点击登录下的('id', 'com.tal.kaoyan:id/login_login_btn')元素找到了
2021-03-13 21:05:35,387 INFO 登录页-点击登录下的('id', 'com.tal.kaoyan:id/login_login_btn')元素点击成功
